2023-05-05 09:13:40.411 +0800	INFO	org.springframework.boot.StartupInfoLogger	55	restartedMain	Starting MathForumAdminApplication using Java 1.8.0_341 on DESKTOP-IS48DMI with PID 16168 (C:\Users\Cauchy\IdeaProjects\mathematics_forum_serve\mathematics_forum_admin\target\classes started by Cauchy in C:\Users\Cauchy\IdeaProjects\mathematics_forum_serve)
2023-05-05 09:13:40.459 +0800	INFO	org.springframework.boot.SpringApplication	640	restartedMain	The following 1 profile is active: "dev"
2023-05-05 09:13:40.510 +0800	INFO	org.springframework.boot.logging.DeferredLog	255	restartedMain	Devtools property defaults active! Set 'spring.devtools.add-properties' to 'false' to disable
2023-05-05 09:13:40.511 +0800	INFO	org.springframework.boot.logging.DeferredLog	255	restartedMain	For additional web related logging consider setting the 'logging.level.web' property to 'DEBUG'
2023-05-05 09:13:41.092 +0800	INFO	org.springframework.data.repository.config.RepositoryConfigurationDelegate	262	restartedMain	Multiple Spring Data modules found, entering strict repository configuration mode
2023-05-05 09:13:41.092 +0800	INFO	org.springframework.data.repository.config.RepositoryConfigurationDelegate	132	restartedMain	Bootstrapping Spring Data MongoDB repositories in DEFAULT mode.
2023-05-05 09:13:41.103 +0800	INFO	org.springframework.data.repository.config.RepositoryConfigurationDelegate	201	restartedMain	Finished Spring Data repository scanning in 6 ms. Found 0 MongoDB repository interfaces.
2023-05-05 09:13:41.113 +0800	INFO	org.springframework.data.repository.config.RepositoryConfigurationDelegate	262	restartedMain	Multiple Spring Data modules found, entering strict repository configuration mode
2023-05-05 09:13:41.114 +0800	INFO	org.springframework.data.repository.config.RepositoryConfigurationDelegate	132	restartedMain	Bootstrapping Spring Data Redis repositories in DEFAULT mode.
2023-05-05 09:13:41.125 +0800	INFO	org.springframework.data.repository.config.RepositoryConfigurationDelegate	201	restartedMain	Finished Spring Data repository scanning in 3 ms. Found 0 Redis repository interfaces.
2023-05-05 09:13:41.698 +0800	INFO	org.springframework.boot.web.embedded.tomcat.TomcatWebServer	108	restartedMain	Tomcat initialized with port(s): 2936 (http)
2023-05-05 09:13:41.706 +0800	INFO	org.apache.juli.logging.DirectJDKLog	173	restartedMain	Initializing ProtocolHandler ["http-nio-2936"]
2023-05-05 09:13:41.706 +0800	INFO	org.apache.juli.logging.DirectJDKLog	173	restartedMain	Starting service [Tomcat]
2023-05-05 09:13:41.707 +0800	INFO	org.apache.juli.logging.DirectJDKLog	173	restartedMain	Starting Servlet engine: [Apache Tomcat/9.0.65]
2023-05-05 09:13:41.790 +0800	INFO	org.apache.juli.logging.DirectJDKLog	173	restartedMain	Initializing Spring embedded WebApplicationContext
2023-05-05 09:13:41.790 +0800	INFO	org.springframework.boot.web.servlet.context.ServletWebServerApplicationContext	292	restartedMain	Root WebApplicationContext: initialization completed in 1278 ms
2023-05-05 09:13:41.864 +0800	INFO	com.alibaba.druid.spring.boot.autoconfigure.DruidDataSourceAutoConfigure	55	restartedMain	Init DruidDataSource
2023-05-05 09:13:41.970 +0800	INFO	com.alibaba.druid.pool.DruidDataSource	975	restartedMain	{dataSource-1} inited
2023-05-05 09:13:42.907 +0800	INFO	com.mongodb.diagnostics.logging.SLF4JLogger	71	restartedMain	MongoClient with metadata {"driver": {"name": "mongo-java-driver|sync|spring-boot", "version": "4.6.1"}, "os": {"type": "Windows", "name": "Windows 10", "architecture": "amd64", "version": "10.0"}, "platform": "Java/Oracle Corporation/1.8.0_341-b10"} created with settings MongoClientSettings{readPreference=primary, writeConcern=WriteConcern{w=null, wTimeout=null ms, journal=null}, retryWrites=true, retryReads=true, readConcern=ReadConcern{level=null}, credential=null, streamFactoryFactory=null, commandListeners=[], codecRegistry=ProvidersCodecRegistry{codecProviders=[ValueCodecProvider{}, BsonValueCodecProvider{}, DBRefCodecProvider{}, DBObjectCodecProvider{}, DocumentCodecProvider{}, IterableCodecProvider{}, MapCodecProvider{}, GeoJsonCodecProvider{}, GridFSFileCodecProvider{}, Jsr310CodecProvider{}, JsonObjectCodecProvider{}, BsonCodecProvider{}, EnumCodecProvider{}, com.mongodb.Jep395RecordCodecProvider@708d9caa]}, clusterSettings={hosts=[localhost:27017], srvServiceName=mongodb, mode=SINGLE, requiredClusterType=UNKNOWN, requiredReplicaSetName='null', serverSelector='null', clusterListeners='[]', serverSelectionTimeout='30000 ms', localThreshold='30000 ms'}, socketSettings=SocketSettings{connectTimeoutMS=10000, readTimeoutMS=0, receiveBufferSize=0, sendBufferSize=0}, heartbeatSocketSettings=SocketSettings{connectTimeoutMS=10000, readTimeoutMS=10000, receiveBufferSize=0, sendBufferSize=0}, connectionPoolSettings=ConnectionPoolSettings{maxSize=100, minSize=0, maxWaitTimeMS=120000, maxConnectionLifeTimeMS=0, maxConnectionIdleTimeMS=0, maintenanceInitialDelayMS=0, maintenanceFrequencyMS=60000, connectionPoolListeners=[], maxConnecting=2}, serverSettings=ServerSettings{heartbeatFrequencyMS=10000, minHeartbeatFrequencyMS=500, serverListeners='[]', serverMonitorListeners='[]'}, sslSettings=SslSettings{enabled=false, invalidHostNameAllowed=false, context=null}, applicationName='null', compressorList=[], uuidRepresentation=JAVA_LEGACY, serverApi=null, autoEncryptionSettings=null, contextProvider=null}
2023-05-05 09:13:42.914 +0800	INFO	com.mongodb.diagnostics.logging.SLF4JLogger	71	cluster-rtt-ClusterId{value='64545846c31d683c0bfbc881', description='null'}-localhost:27017	Opened connection [connectionId{localValue:2, serverValue:2}] to localhost:27017
2023-05-05 09:13:42.914 +0800	INFO	com.mongodb.diagnostics.logging.SLF4JLogger	71	cluster-ClusterId{value='64545846c31d683c0bfbc881', description='null'}-localhost:27017	Opened connection [connectionId{localValue:1, serverValue:1}] to localhost:27017
2023-05-05 09:13:42.915 +0800	INFO	com.mongodb.diagnostics.logging.SLF4JLogger	71	cluster-ClusterId{value='64545846c31d683c0bfbc881', description='null'}-localhost:27017	Monitor thread successfully connected to server with description ServerDescription{address=localhost:27017, type=STANDALONE, state=CONNECTED, ok=true, minWireVersion=0, maxWireVersion=7, maxDocumentSize=16777216, logicalSessionTimeoutMinutes=30, roundTripTimeNanos=35871200}
2023-05-05 09:13:43.201 +0800	INFO	org.springframework.boot.devtools.autoconfigure.OptionalLiveReloadServer	59	restartedMain	LiveReload server is running on port 35729
2023-05-05 09:13:43.221 +0800	INFO	org.apache.juli.logging.DirectJDKLog	173	restartedMain	Starting ProtocolHandler ["http-nio-2936"]
2023-05-05 09:13:43.238 +0800	INFO	org.springframework.boot.web.embedded.tomcat.TomcatWebServer	220	restartedMain	Tomcat started on port(s): 2936 (http) with context path ''
2023-05-05 09:13:43.247 +0800	INFO	org.springframework.boot.StartupInfoLogger	61	restartedMain	Started MathForumAdminApplication in 3.286 seconds (JVM running for 4.424)
2023-05-05 09:13:44.356 +0800	INFO	org.springframework.boot.StartupInfoLogger	55	restartedMain	Starting MathForumServiceApplication using Java 1.8.0_341 on DESKTOP-IS48DMI with PID 2368 (C:\Users\Cauchy\IdeaProjects\mathematics_forum_serve\mathematics_forum_service\target\classes started by Cauchy in C:\Users\Cauchy\IdeaProjects\mathematics_forum_serve)
2023-05-05 09:13:44.364 +0800	INFO	org.springframework.boot.SpringApplication	640	restartedMain	The following 1 profile is active: "dev"
2023-05-05 09:13:44.401 +0800	INFO	org.springframework.boot.logging.DeferredLog	255	restartedMain	Devtools property defaults active! Set 'spring.devtools.add-properties' to 'false' to disable
2023-05-05 09:13:44.401 +0800	INFO	org.springframework.boot.logging.DeferredLog	255	restartedMain	For additional web related logging consider setting the 'logging.level.web' property to 'DEBUG'
2023-05-05 09:13:44.900 +0800	INFO	org.springframework.data.repository.config.RepositoryConfigurationDelegate	262	restartedMain	Multiple Spring Data modules found, entering strict repository configuration mode
2023-05-05 09:13:44.901 +0800	INFO	org.springframework.data.repository.config.RepositoryConfigurationDelegate	132	restartedMain	Bootstrapping Spring Data MongoDB repositories in DEFAULT mode.
2023-05-05 09:13:44.951 +0800	INFO	org.springframework.data.repository.config.RepositoryConfigurationDelegate	201	restartedMain	Finished Spring Data repository scanning in 46 ms. Found 1 MongoDB repository interfaces.
2023-05-05 09:13:44.961 +0800	INFO	org.springframework.data.repository.config.RepositoryConfigurationDelegate	262	restartedMain	Multiple Spring Data modules found, entering strict repository configuration mode
2023-05-05 09:13:44.962 +0800	INFO	org.springframework.data.repository.config.RepositoryConfigurationDelegate	132	restartedMain	Bootstrapping Spring Data Redis repositories in DEFAULT mode.
2023-05-05 09:13:44.975 +0800	INFO	org.springframework.data.repository.config.RepositoryConfigurationExtensionSupport	349	restartedMain	Spring Data Redis - Could not safely identify store assignment for repository candidate interface org.math.mapper.PostMongoMapper; If you want this repository to be a Redis repository, consider annotating your entities with one of these annotations: org.springframework.data.redis.core.RedisHash (preferred), or consider extending one of the following types with your repository: org.springframework.data.keyvalue.repository.KeyValueRepository
2023-05-05 09:13:44.975 +0800	INFO	org.springframework.data.repository.config.RepositoryConfigurationDelegate	201	restartedMain	Finished Spring Data repository scanning in 6 ms. Found 0 Redis repository interfaces.
2023-05-05 09:13:45.077 +0800	WARN	org.mybatis.logging.Logger	44	restartedMain	Skipping MapperFactoryBean with name 'postMongoMapper' and 'org.math.mapper.PostMongoMapper' mapperInterface. Bean already defined with the same name!
2023-05-05 09:13:45.490 +0800	INFO	org.springframework.boot.web.embedded.tomcat.TomcatWebServer	108	restartedMain	Tomcat initialized with port(s): 9277 (http)
2023-05-05 09:13:45.497 +0800	INFO	org.apache.juli.logging.DirectJDKLog	173	restartedMain	Initializing ProtocolHandler ["http-nio-9277"]
2023-05-05 09:13:45.497 +0800	INFO	org.apache.juli.logging.DirectJDKLog	173	restartedMain	Starting service [Tomcat]
2023-05-05 09:13:45.498 +0800	INFO	org.apache.juli.logging.DirectJDKLog	173	restartedMain	Starting Servlet engine: [Apache Tomcat/9.0.65]
2023-05-05 09:13:45.576 +0800	INFO	org.apache.juli.logging.DirectJDKLog	173	restartedMain	Initializing Spring embedded WebApplicationContext
2023-05-05 09:13:45.576 +0800	INFO	org.springframework.boot.web.servlet.context.ServletWebServerApplicationContext	292	restartedMain	Root WebApplicationContext: initialization completed in 1174 ms
2023-05-05 09:13:45.630 +0800	INFO	com.alibaba.druid.spring.boot.autoconfigure.DruidDataSourceAutoConfigure	55	restartedMain	Init DruidDataSource
2023-05-05 09:13:45.703 +0800	INFO	com.alibaba.druid.pool.DruidDataSource	975	restartedMain	{dataSource-1} inited
2023-05-05 09:13:45.886 +0800	INFO	com.mongodb.diagnostics.logging.SLF4JLogger	71	restartedMain	MongoClient with metadata {"driver": {"name": "mongo-java-driver|sync|spring-boot", "version": "4.6.1"}, "os": {"type": "Windows", "name": "Windows 10", "architecture": "amd64", "version": "10.0"}, "platform": "Java/Oracle Corporation/1.8.0_341-b10"} created with settings MongoClientSettings{readPreference=primary, writeConcern=WriteConcern{w=null, wTimeout=null ms, journal=null}, retryWrites=true, retryReads=true, readConcern=ReadConcern{level=null}, credential=null, streamFactoryFactory=null, commandListeners=[], codecRegistry=ProvidersCodecRegistry{codecProviders=[ValueCodecProvider{}, BsonValueCodecProvider{}, DBRefCodecProvider{}, DBObjectCodecProvider{}, DocumentCodecProvider{}, IterableCodecProvider{}, MapCodecProvider{}, GeoJsonCodecProvider{}, GridFSFileCodecProvider{}, Jsr310CodecProvider{}, JsonObjectCodecProvider{}, BsonCodecProvider{}, EnumCodecProvider{}, com.mongodb.Jep395RecordCodecProvider@34e05b6e]}, clusterSettings={hosts=[101.43.182.66:27017], srvServiceName=mongodb, mode=SINGLE, requiredClusterType=UNKNOWN, requiredReplicaSetName='null', serverSelector='null', clusterListeners='[]', serverSelectionTimeout='30000 ms', localThreshold='30000 ms'}, socketSettings=SocketSettings{connectTimeoutMS=10000, readTimeoutMS=0, receiveBufferSize=0, sendBufferSize=0}, heartbeatSocketSettings=SocketSettings{connectTimeoutMS=10000, readTimeoutMS=10000, receiveBufferSize=0, sendBufferSize=0}, connectionPoolSettings=ConnectionPoolSettings{maxSize=100, minSize=0, maxWaitTimeMS=120000, maxConnectionLifeTimeMS=0, maxConnectionIdleTimeMS=0, maintenanceInitialDelayMS=0, maintenanceFrequencyMS=60000, connectionPoolListeners=[], maxConnecting=2}, serverSettings=ServerSettings{heartbeatFrequencyMS=10000, minHeartbeatFrequencyMS=500, serverListeners='[]', serverMonitorListeners='[]'}, sslSettings=SslSettings{enabled=false, invalidHostNameAllowed=false, context=null}, applicationName='null', compressorList=[], uuidRepresentation=JAVA_LEGACY, serverApi=null, autoEncryptionSettings=null, contextProvider=null}
2023-05-05 09:13:46.094 +0800	WARN	org.springframework.boot.devtools.autoconfigure.OptionalLiveReloadServer	62	restartedMain	Unable to start LiveReload server
2023-05-05 09:13:46.645 +0800	INFO	org.apache.juli.logging.DirectJDKLog	173	restartedMain	Starting ProtocolHandler ["http-nio-9277"]
2023-05-05 09:13:46.657 +0800	INFO	org.springframework.boot.web.embedded.tomcat.TomcatWebServer	220	restartedMain	Tomcat started on port(s): 9277 (http) with context path ''
2023-05-05 09:13:46.665 +0800	INFO	org.springframework.boot.StartupInfoLogger	61	restartedMain	Started MathForumServiceApplication in 2.661 seconds (JVM running for 3.712)
2023-05-05 09:13:55.884 +0800	INFO	com.mongodb.diagnostics.logging.SLF4JLogger	76	cluster-ClusterId{value='64545849fce2d917018ab886', description='null'}-101.43.182.66:27017	Exception in monitor thread while connecting to server 101.43.182.66:27017
com.mongodb.MongoSocketOpenException: Exception opening socket
	at com.mongodb.internal.connection.SocketStream.open(SocketStream.java:70) ~[mongodb-driver-core-4.6.1.jar:?]
	at com.mongodb.internal.connection.InternalStreamConnection.open(InternalStreamConnection.java:180) ~[mongodb-driver-core-4.6.1.jar:?]
	at com.mongodb.internal.connection.DefaultServerMonitor$ServerMonitorRunnable.lookupServerDescription(DefaultServerMonitor.java:193) ~[mongodb-driver-core-4.6.1.jar:?]
	at com.mongodb.internal.connection.DefaultServerMonitor$ServerMonitorRunnable.run(DefaultServerMonitor.java:157) ~[mongodb-driver-core-4.6.1.jar:?]
	at java.lang.Thread.run(Thread.java:750) ~[?:1.8.0_341]
Caused by: java.net.SocketTimeoutException: connect timed out
	at java.net.DualStackPlainSocketImpl.waitForConnect(Native Method) ~[?:1.8.0_341]
	at java.net.DualStackPlainSocketImpl.socketConnect(DualStackPlainSocketImpl.java:81) ~[?:1.8.0_341]
	at java.net.AbstractPlainSocketImpl.doConnect(AbstractPlainSocketImpl.java:476) ~[?:1.8.0_341]
	at java.net.AbstractPlainSocketImpl.connectToAddress(AbstractPlainSocketImpl.java:218) ~[?:1.8.0_341]
	at java.net.AbstractPlainSocketImpl.connect(AbstractPlainSocketImpl.java:200) ~[?:1.8.0_341]
	at java.net.PlainSocketImpl.connect(PlainSocketImpl.java:162) ~[?:1.8.0_341]
	at java.net.SocksSocketImpl.connect(SocksSocketImpl.java:394) ~[?:1.8.0_341]
	at java.net.Socket.connect(Socket.java:606) ~[?:1.8.0_341]
	at com.mongodb.internal.connection.SocketStreamHelper.initialize(SocketStreamHelper.java:107) ~[mongodb-driver-core-4.6.1.jar:?]
	at com.mongodb.internal.connection.SocketStream.initializeSocket(SocketStream.java:79) ~[mongodb-driver-core-4.6.1.jar:?]
	at com.mongodb.internal.connection.SocketStream.open(SocketStream.java:65) ~[mongodb-driver-core-4.6.1.jar:?]
	... 4 more
2023-05-05 10:50:11.389 +0800	INFO	org.apache.juli.logging.DirectJDKLog	173	http-nio-9277-exec-2	Initializing Spring DispatcherServlet 'dispatcherServlet'
2023-05-05 10:50:11.391 +0800	INFO	org.springframework.web.servlet.FrameworkServlet	525	http-nio-9277-exec-2	Initializing Servlet 'dispatcherServlet'
2023-05-05 10:50:11.398 +0800	INFO	org.springframework.web.servlet.FrameworkServlet	547	http-nio-9277-exec-2	Completed initialization in 7 ms
